<?xml version="1.0" encoding="UTF-8"?>
<testsuite xmlns:xsi="http://www.w3.org/2001/XMLSchema-instance" xsi:noNamespaceSchemaLocation="https://maven.apache.org/surefire/maven-surefire-plugin/xsd/surefire-test-report-3.0.xsd" version="3.0" name="UserDaoTest" time="6.217" tests="2" errors="0" skipped="0" failures="0">
  <properties>
[...]
</properties>
  <testcase name="testFindUserByUserName" classname="UserDaoTest" time="2.535">
    <system-out><![CDATA[17:18:36.617 [main] INFO org.springframework.boot.devtools.restart.RestartApplicationListener -- Restart disabled due to context in which it is running

  .   ____          _            __ _ _
 /\\ / ___'_ __ _ _(_)_ __  __ _ \ \ \ \
( ( )\___ | '_ | '_| | '_ \/ _` | \ \ \ \
 \\/  ___)| |_)| | | | | || (_| |  ) ) ) )
  '  |____| .__|_| |_|_| |_\__, | / / / /
 =========|_|==============|___/=/_/_/_/

 :: Spring Boot ::                (v3.3.3)

2025-03-12T17:18:37.009+08:00  INFO 31684 --- [           main] UserDaoTest                              : Starting UserDaoTest using Java 17.0.4.1 with PID 31684 (started by 19706 in D:\learn\cloverassociation\back)
2025-03-12T17:18:37.014+08:00  INFO 31684 --- [           main] UserDaoTest                              : The following 2 profiles are active: "springmvc", "mybatis"
2025-03-12T17:18:39.656+08:00  INFO 31684 --- [           main] UserDaoTest                              : Started UserDaoTest in 3.058 seconds (process running for 4.261)
2025-03-12T17:18:41.159+08:00  INFO 31684 --- [           main] com.alibaba.druid.pool.DruidDataSource   : {dataSource-1} inited
User{id=1, avatar='default.png', description='null', username='clover', password='clover20040302'}
]]></system-out>
  </testcase>
  <testcase name="testRegisterUser" classname="UserDaoTest" time="0.099">
    <system-out><![CDATA[2025-03-12T17:18:42.320+08:00  INFO 31684 --- [           main] com.clover.service.imp.UserServiceImpl   : 用户名已存在: clover
0
]]></system-out>
  </testcase>
</testsuite>